2022-03-16 22:09:29.834  INFO 768 --- [main] com.example.fxblog.FxBlogApplication     : Starting FxBlogApplication using Java 1.8.0_301 on Computer-WZK with PID 768 (D:\Work\JAVA\FxBlog\target\classes started by WZK in D:\Work\JAVA\FxBlog)
2022-03-16 22:09:29.842  INFO 768 --- [main] com.example.fxblog.FxBlogApplication     : No active profile set, falling back to default profiles: default
2022-03-16 22:09:31.386  INFO 768 --- [main] .s.d.r.c.RepositoryConfigurationDelegate : Multiple Spring Data modules found, entering strict repository configuration mode!
2022-03-16 22:09:31.416  INFO 768 --- [main] .s.d.r.c.RepositoryConfigurationDelegate : Bootstrapping Spring Data Redis repositories in DEFAULT mode.
2022-03-16 22:09:31.495  INFO 768 --- [main] .s.d.r.c.RepositoryConfigurationDelegate : Finished Spring Data repository scanning in 13 ms. Found 0 Redis repository interfaces.
2022-03-16 22:09:32.531  INFO 768 --- [main] o.s.b.w.embedded.tomcat.TomcatWebServer  : Tomcat initialized with port(s): 8080 (http)
2022-03-16 22:09:32.563  INFO 768 --- [main] o.apache.catalina.core.StandardService   : Starting service [Tomcat]
2022-03-16 22:09:32.564  INFO 768 --- [main] org.apache.catalina.core.StandardEngine  : Starting Servlet engine: [Apache Tomcat/9.0.56]
2022-03-16 22:09:33.107  INFO 768 --- [main] o.a.c.c.C.[Tomcat].[localhost].[/]       : Initializing Spring embedded WebApplicationContext
2022-03-16 22:09:33.107  INFO 768 --- [main] w.s.c.ServletWebServerApplicationContext : Root WebApplicationContext: initialization completed in 3178 ms
2022-03-16 22:09:36.193  INFO 768 --- [main] o.s.b.w.embedded.tomcat.TomcatWebServer  : Tomcat started on port(s): 8080 (http) with context path ''
2022-03-16 22:09:36.204  INFO 768 --- [main] com.example.fxblog.FxBlogApplication     : Started FxBlogApplication in 7.727 seconds (JVM running for 13.037)
2022-03-16 22:09:54.543  INFO 768 --- [http-nio-8080-exec-1] o.a.c.c.C.[Tomcat].[localhost].[/]       : Initializing Spring DispatcherServlet 'dispatcherServlet'
2022-03-16 22:09:54.544  INFO 768 --- [http-nio-8080-exec-1] o.s.web.servlet.DispatcherServlet        : Initializing Servlet 'dispatcherServlet'
2022-03-16 22:09:54.545  INFO 768 --- [http-nio-8080-exec-1] o.s.web.servlet.DispatcherServlet        : Completed initialization in 1 ms
2022-03-16 22:09:55.003  INFO 768 --- [http-nio-8080-exec-1] com.zaxxer.hikari.HikariDataSource       : HikariPool-1 - Starting...
2022-03-16 22:09:55.582  INFO 768 --- [http-nio-8080-exec-1] com.zaxxer.hikari.HikariDataSource       : HikariPool-1 - Start completed.
2022-03-16 22:09:55.602 DEBUG 768 --- [http-nio-8080-exec-1] c.e.f.mapper.UserMapper.selectCount      : ==>  Preparing: SELECT COUNT( * ) FROM fx_user WHERE (user_username = ? AND user_password = ?)
2022-03-16 22:09:55.783 DEBUG 768 --- [http-nio-8080-exec-1] c.e.f.mapper.UserMapper.selectCount      : ==> Parameters: null, 123456(String)
2022-03-16 22:09:55.837 DEBUG 768 --- [http-nio-8080-exec-1] c.e.f.mapper.UserMapper.selectCount      : <==      Total: 1
2022-03-16 22:10:24.455 DEBUG 768 --- [http-nio-8080-exec-2] c.e.f.mapper.UserMapper.selectCount      : ==>  Preparing: SELECT COUNT( * ) FROM fx_user WHERE (user_username = ? AND user_password = ?)
2022-03-16 22:10:24.455 DEBUG 768 --- [http-nio-8080-exec-2] c.e.f.mapper.UserMapper.selectCount      : ==> Parameters: root(String), 123456(String)
2022-03-16 22:10:24.457 DEBUG 768 --- [http-nio-8080-exec-2] c.e.f.mapper.UserMapper.selectCount      : <==      Total: 1
2022-03-16 22:10:24.552  INFO 768 --- [http-nio-8080-exec-2] c.e.fxblog.controller.LoginController    : eyJhbGciOiJIUzUxMiJ9.eyJpc3MiOiJGWEJMT0ciLCJzdWIiOiJyb290IiwiaWF0IjoxNjQ3NDM5ODI0LCJleHAiOjE2NDgwNDQ2MjR9.HQqXQaEVzkvo59bs-jUgsIDu1VCgk8CE0jzq4cTTbZbQFJK6w1RCWnVUEKGDZQpD-TvWb4aq9Uv5hKFU1JrXfw
2022-03-16 22:10:30.026 DEBUG 768 --- [http-nio-8080-exec-3] c.e.f.mapper.UserMapper.selectCount      : ==>  Preparing: SELECT COUNT( * ) FROM fx_user WHERE (user_username = ? AND user_password = ?)
2022-03-16 22:10:30.027 DEBUG 768 --- [http-nio-8080-exec-3] c.e.f.mapper.UserMapper.selectCount      : ==> Parameters: root(String), 123456(String)
2022-03-16 22:10:30.028 DEBUG 768 --- [http-nio-8080-exec-3] c.e.f.mapper.UserMapper.selectCount      : <==      Total: 1
2022-03-16 22:10:30.028  INFO 768 --- [http-nio-8080-exec-3] c.e.fxblog.controller.LoginController    : eyJhbGciOiJIUzUxMiJ9.eyJpc3MiOiJGWEJMT0ciLCJzdWIiOiJyb290IiwiaWF0IjoxNjQ3NDM5ODMwLCJleHAiOjE2NDgwNDQ2MzB9.tSlZtAzAvG5Pwl2xQmnhaTGHcP3k09pUfLAN-ms6mUshRuhRkAbBCDuOGA8mte4uW7eAFBnYSMbusXqviMp9xA
2022-03-16 22:10:53.211  WARN 768 --- [http-nio-8080-exec-4] com.example.fxblog.utils.JwtUtil         : 用户使用伪造的Token进行登录
2022-03-16 22:10:58.355 DEBUG 768 --- [http-nio-8080-exec-5] c.e.f.mapper.UserMapper.selectCount      : ==>  Preparing: SELECT COUNT( * ) FROM fx_user WHERE (user_username = ? AND user_password = ?)
2022-03-16 22:10:58.357 DEBUG 768 --- [http-nio-8080-exec-5] c.e.f.mapper.UserMapper.selectCount      : ==> Parameters: root(String), 123456(String)
2022-03-16 22:10:58.359 DEBUG 768 --- [http-nio-8080-exec-5] c.e.f.mapper.UserMapper.selectCount      : <==      Total: 1
2022-03-16 22:10:58.360  INFO 768 --- [http-nio-8080-exec-5] c.e.fxblog.controller.LoginController    : eyJhbGciOiJIUzUxMiJ9.eyJpc3MiOiJGWEJMT0ciLCJzdWIiOiJyb290IiwiaWF0IjoxNjQ3NDM5ODU4LCJleHAiOjE2NDgwNDQ2NTh9.DcDZMz9Qg9-OxQQT8d8oz1QxBMqJB46SNOlKe5cMVxz3IZ7_KrwRO9LJqc2yklXh46aFe1cVVAIuRbpL6i72gg
